#
# A fatal error has been detected by the Java Runtime Environment:
#
#  EXCEPTION_ACCESS_VIOLATION (0xc0000005) at pc=0x732b757e, pid=16468, tid=0x000019b4
#
# JRE version: Java(TM) SE Runtime Environment (8.0_191-b12) (build 1.8.0_191-b12)
# Java VM: Java HotSpot(TM) Client VM (25.191-b12 mixed mode windows-x86 )
# Problematic frame:
# V  [jvm.dll+0xe757e]
#
# Failed to write core dump. Minidumps are not enabled by default on client versions of Windows
#
# If you would like to submit a bug report, please visit:
#   http://bugreport.java.com/bugreport/crash.jsp
#

---------------  T H R E A D  ---------------

Current thread (0x2979cc00):  JavaThread "EventThread COM4" [_thread_in_vm, id=6580, stack(0x00ab0000,0x00b00000)]

siginfo: ExceptionCode=0xc0000005, reading address 0x00000000

Registers:
EAX=0x00000000, EBX=0x2a77b4a8, ECX=0x2979cc00, EDX=0x0000009f
ESP=0x00aff0ac, EBP=0x00aff0c8, ESI=0x00000000, EDI=0x2979cc00
EIP=0x732b757e, EFLAGS=0x00010246

Top of Stack: (sp=0x00aff0ac)
0x00aff0ac:   00aff0e4 2979cd40 2a77b4a8 2979cc00
0x00aff0bc:   279f5aac 0000009f 734b5568 00aff798
0x00aff0cc:   6400183d 2979cd40 00000000 00000000
0x00aff0dc:   00000668 00aff0e4 31322820 79622030
0x00aff0ec:   29736574 206f7420 636f6e4f 6320796f
0x00aff0fc:   65747361 30310a72 53203738 69646e65
0x00aff10c:   5220676e 204d4354 35343128 74796220
0x00aff11c:   20297365 52206f74 67324b54 6163206f 

Instructions: (pc=0x732b757e)
0x732b755e:   c4 08 83 7f 04 00 89 7d f0 c7 45 f4 00 00 00 00
0x732b756e:   74 08 8d 4d f0 e8 e8 34 0c 00 8b 75 10 8b 45 0c
0x732b757e:   8b 10 85 f6 78 32 8b 45 14 85 c0 78 2b 8d 0c 06
0x732b758e:   3b 4a 08 77 23 85 c0 7e 3b 8b 4a 04 8b 49 04 83 


Register to memory mapping:

EAX=0x00000000 is an unknown value
EBX=0x2a77b4a8 is an unknown value
ECX=0x2979cc00 is a thread
EDX=0x0000009f is an unknown value
ESP=0x00aff0ac is pointing into the stack for thread: 0x2979cc00
EBP=0x00aff0c8 is pointing into the stack for thread: 0x2979cc00
ESI=0x00000000 is an unknown value
EDI=0x2979cc00 is a thread


Stack: [0x00ab0000,0x00b00000],  sp=0x00aff0ac,  free space=316k
Native frames: (J=compiled Java code, j=interpreted, Vv=VM code, C=native code)
V  [jvm.dll+0xe757e]
C  [jSSC-2.8_x86.dll+0x183d]
J 4509  jssc.SerialNativeInterface.readBytes(JI)[B (0 bytes) @ 0x02d88165 [0x02d880d0+0x95]
J 5890% C1 jssc.SerialPort$EventThread.run()V (84 bytes) @ 0x02f0b480 [0x02f0b1d0+0x2b0]
v  ~StubRoutines::call_stub
V  [jvm.dll+0x15c315]
V  [jvm.dll+0x223ece]
V  [jvm.dll+0x15c3ae]
V  [jvm.dll+0x15c536]
V  [jvm.dll+0x15c5a7]
V  [jvm.dll+0x1002ef]
V  [jvm.dll+0x17f550]
V  [jvm.dll+0x17fdca]
V  [jvm.dll+0x1c57a6]
C  [msvcr100.dll+0x5c556]
C  [msvcr100.dll+0x5c600]
C  [KERNEL32.DLL+0x15d49]
C  [ntdll.dll+0x6d1ab]
C  [ntdll.dll+0x6d131]
C  0x00000000

Java frames: (J=compiled Java code, j=interpreted, Vv=VM code)
J 4509  jssc.SerialNativeInterface.readBytes(JI)[B (0 bytes) @ 0x02d88121 [0x02d880d0+0x51]
J 5890% C1 jssc.SerialPort$EventThread.run()V (84 bytes) @ 0x02f0b480 [0x02f0b1d0+0x2b0]
v  ~StubRoutines::call_stub

---------------  P R O C E S S  ---------------

Java Threads: ( => current thread )
=>0x2979cc00 JavaThread "EventThread COM4" [_thread_in_vm, id=6580, stack(0x00ab0000,0x00b00000)]
  0x2979d800 JavaThread "DestroyJavaVM" [_thread_blocked, id=15524, stack(0x024b0000,0x02500000)]
  0x27ce0000 JavaThread "TimerQueue" daemon [_thread_blocked, id=19308, stack(0x2aa40000,0x2aa90000)]
  0x27ce1c00 JavaThread "AWT-EventQueue-0" [_thread_blocked, id=13476, stack(0x2a430000,0x2a480000)]
  0x27ce1000 JavaThread "AWT-Shutdown" [_thread_blocked, id=16776, stack(0x2a3a0000,0x2a3f0000)]
  0x27ce2000 JavaThread "Batik CleanerThread" daemon [_thread_blocked, id=18616, stack(0x28e10000,0x28e60000)]
  0x27ce2800 JavaThread "JmDNS pool-3-thread-1" [_thread_blocked, id=14064, stack(0x28b70000,0x28bc0000)]
  0x27bcf400 JavaThread "JmDNS(192-168-178-21.local.).State.Timer" [_thread_blocked, id=9708, stack(0x28750000,0x287a0000)]
  0x2646c400 JavaThread "JmDNS(192-168-178-21.local.).Timer" daemon [_thread_blocked, id=16056, stack(0x286c0000,0x28710000)]
  0x27bce800 JavaThread "SocketListener(192-168-178-21.local.)" daemon [_thread_blocked, id=19136, stack(0x26ae0000,0x26b30000)]
  0x27af2800 JavaThread "Multihomed mDNS.Timer" daemon [_thread_blocked, id=18640, stack(0x28410000,0x28460000)]
  0x27af1c00 JavaThread "cc.arduino.packages.discoverers.serial.SerialDiscovery" [_thread_blocked, id=15968, stack(0x28530000,0x28580000)]
  0x26648c00 JavaThread "AWT-Windows" daemon [_thread_in_native, id=11572, stack(0x26b70000,0x26bc0000)]
  0x26646c00 JavaThread "Java2D Disposer" daemon [_thread_blocked, id=18476, stack(0x26a50000,0x26aa0000)]
  0x251a4000 JavaThread "Service Thread" daemon [_thread_blocked, id=15004, stack(0x262d0000,0x26320000)]
  0x2519fc00 JavaThread "C1 CompilerThread0" daemon [_thread_blocked, id=17924, stack(0x26240000,0x26290000)]
  0x2519e400 JavaThread "Attach Listener" daemon [_thread_blocked, id=6420, stack(0x261b0000,0x26200000)]
  0x2519c400 JavaThread "Signal Dispatcher" daemon [_thread_blocked, id=8212, stack(0x26120000,0x26170000)]
  0x25186c00 JavaThread "Finalizer" daemon [_thread_blocked, id=14904, stack(0x25f40000,0x25f90000)]
  0x25185400 JavaThread "Reference Handler" daemon [_thread_blocked, id=13536, stack(0x25eb0000,0x25f00000)]

Other Threads:
  0x25170400 VMThread [stack: 0x02830000,0x02880000] [id=18304]
  0x251a8c00 WatcherThread [stack: 0x26360000,0x263b0000] [id=18948]

VM state:synchronizing (normal execution)

VM Mutex/Monitor currently owned by a thread:  ([mutex/lock_event])
[0x0257d338] Threads_lock - owner thread: 0x25170400
[0x0257d6d0] Heap_lock - owner thread: 0x2646c400

Heap:
 def new generation   total 157248K, used 157248K [0x04c00000, 0x0f6a0000, 0x0f6a0000)
  eden space 139776K, 100% used [0x04c00000, 0x0d480000, 0x0d480000)
  from space 17472K, 100% used [0x0d480000, 0x0e590000, 0x0e590000)
  to   space 17472K,   0% used [0x0e590000, 0x0e590000, 0x0f6a0000)
 tenured generation   total 349568K, used 349568K [0x0f6a0000, 0x24c00000, 0x24c00000)
   the space 349568K, 100% used [0x0f6a0000, 0x24c00000, 0x24c00000, 0x24c00000)
 Metaspace       used 22303K, capacity 22881K, committed 23040K, reserved 23936K

Card table byte_map: [0x24c00000,0x24d10000] byte_map_base: 0x24bda000

Polling page: 0x02500000

CodeCache: size=32768Kb used=2146Kb max_used=5935Kb free=30621Kb
 bounds [0x02940000, 0x02f10000, 0x04940000]
 total_blobs=1278 nmethods=995 adapters=211
 compilation: enabled

Compilation events (10 events):
Event: 6375.390 Thread 0x2519fc00 31145             javax.swing.text.TextLayoutStrategy$AttributedSegment::getAttributes (63 bytes)
Event: 6375.390 Thread 0x2519fc00 nmethod 31145 0x02a84ec8 code [0x02a85010, 0x02a851c0]
Event: 6376.242 Thread 0x2519fc00 31146  s          java.util.Hashtable::put (104 bytes)
Event: 6376.242 Thread 0x2519fc00 nmethod 31146 0x02b1be08 code [0x02b1bf50, 0x02b1c2e0]
Event: 6376.707 Thread 0x2519fc00 31147             java.util.concurrent.locks.AbstractQueuedSynchronizer::setState (6 bytes)
Event: 6376.708 Thread 0x2519fc00 nmethod 31147 0x02af6848 code [0x02af6940, 0x02af69c0]
Event: 6376.714 Thread 0x2519fc00 31148             java.util.concurrent.locks.ReentrantLock$Sync::tryRelease (45 bytes)
Event: 6376.715 Thread 0x2519fc00 nmethod 31148 0x02a1ef88 code [0x02a1f090, 0x02a1f1cc]
Event: 6391.436 Thread 0x2519fc00 31149             sun.nio.cs.UTF_8$Encoder::encodeArrayLoop (489 bytes)
Event: 6391.438 Thread 0x2519fc00 nmethod 31149 0x02bae088 code [0x02bae3d0, 0x02baf0cc]

GC Heap History (10 events):
Event: 6395.111 GC heap before
{Heap before GC invocations=4689 (full 3943):
 def new generation   total 157248K, used 157247K [0x04c00000, 0x0f6a0000, 0x0f6a0000)
  eden space 139776K, 100% used [0x04c00000, 0x0d480000, 0x0d480000)
  from space 17472K,  99% used [0x0d480000, 0x0e58ffe8, 0x0e590000)
  to   space 17472K,   0% used [0x0e590000, 0x0e590000, 0x0f6a0000)
 tenured generation   total 349568K, used 349568K [0x0f6a0000, 0x24c00000, 0x24c00000)
   the space 349568K, 100% used [0x0f6a0000, 0x24c00000, 0x24c00000, 0x24c00000)
 Metaspace       used 22303K, capacity 22881K, committed 23040K, reserved 23936K
Event: 6395.567 GC heap after
Heap after GC invocations=4690 (full 3944):
 def new generation   total 157248K, used 157247K [0x04c00000, 0x0f6a0000, 0x0f6a0000)
  eden space 139776K,  99% used [0x04c00000, 0x0d47ff68, 0x0d480000)
  from space 17472K,  99% used [0x0d480000, 0x0e58fd48, 0x0e590000)
  to   space 17472K,   0% used [0x0e590000, 0x0e590000, 0x0f6a0000)
 tenured generation   total 349568K, used 349568K [0x0f6a0000, 0x24c00000, 0x24c00000)
   the space 349568K, 100% used [0x0f6a0000, 0x24c00000, 0x24c00000, 0x24c00000)
 Metaspace       used 22303K, capacity 22881K, committed 23040K, reserved 23936K
}
Event: 6395.567 GC heap before
{Heap before GC invocations=4690 (full 3944):
 def new generation   total 157248K, used 157247K [0x04c00000, 0x0f6a0000, 0x0f6a0000)
  eden space 139776K, 100% used [0x04c00000, 0x0d480000, 0x0d480000)
  from space 17472K,  99% used [0x0d480000, 0x0e58ffc8, 0x0e590000)
  to   space 17472K,   0% used [0x0e590000, 0x0e590000, 0x0f6a0000)
 tenured generation   total 349568K, used 349568K [0x0f6a0000, 0x24c00000, 0x24c00000)
   the space 349568K, 100% used [0x0f6a0000, 0x24c00000, 0x24c00000, 0x24c00000)
 Metaspace       used 22303K, capacity 22881K, committed 23040K, reserved 23936K
Event: 6396.015 GC heap after
Heap after GC invocations=4691 (full 3945):
 def new generation   total 157248K, used 157247K [0x04c00000, 0x0f6a0000, 0x0f6a0000)
  eden space 139776K,  99% used [0x04c00000, 0x0d47ff78, 0x0d480000)
  from space 17472K,  99% used [0x0d480000, 0x0e58fd28, 0x0e590000)
  to   space 17472K,   0% used [0x0e590000, 0x0e590000, 0x0f6a0000)
 tenured generation   total 349568K, used 349568K [0x0f6a0000, 0x24c00000, 0x24c00000)
   the space 349568K, 100% used [0x0f6a0000, 0x24c00000, 0x24c00000, 0x24c00000)
 Metaspace       used 22303K, capacity 22881K, committed 23040K, reserved 23936K
}
Event: 6396.016 GC heap before
{Heap before GC invocations=4691 (full 3945):
 def new generation   total 157248K, used 157248K [0x04c00000, 0x0f6a0000, 0x0f6a0000)
  eden space 139776K, 100% used [0x04c00000, 0x0d480000, 0x0d480000)
  from space 17472K, 100% used [0x0d480000, 0x0e590000, 0x0e590000)
  to   space 17472K,   0% used [0x0e590000, 0x0e590000, 0x0f6a0000)
 tenured generation   total 349568K, used 349568K [0x0f6a0000, 0x24c00000, 0x24c00000)
   the space 349568K, 100% used [0x0f6a0000, 0x24c00000, 0x24c00000, 0x24c00000)
 Metaspace       used 22303K, capacity 22881K, committed 23040K, reserved 23936K
Event: 6396.468 GC heap after
Heap after GC invocations=4692 (full 3946):
 def new generation   total 157248K, used 157246K [0x04c00000, 0x0f6a0000, 0x0f6a0000)
  eden space 139776K,  99% used [0x04c00000, 0x0d47ff78, 0x0d480000)
  from space 17472K,  99% used [0x0d480000, 0x0e58fb90, 0x0e590000)
  to   space 17472K,   0% used [0x0e590000, 0x0e590000, 0x0f6a0000)
 tenured generation   total 349568K, used 349568K [0x0f6a0000, 0x24c00000, 0x24c00000)
   the space 349568K, 100% used [0x0f6a0000, 0x24c00000, 0x24c00000, 0x24c00000)
 Metaspace       used 22303K, capacity 22881K, committed 23040K, reserved 23936K
}
Event: 6396.469 GC heap before
{Heap before GC invocations=4692 (full 3946):
 def new generation   total 157248K, used 157246K [0x04c00000, 0x0f6a0000, 0x0f6a0000)
  eden space 139776K, 100% used [0x04c00000, 0x0d480000, 0x0d480000)
  from space 17472K,  99% used [0x0d480000, 0x0e58fbe8, 0x0e590000)
  to   space 17472K,   0% used [0x0e590000, 0x0e590000, 0x0f6a0000)
 tenured generation   total 349568K, used 349568K [0x0f6a0000, 0x24c00000, 0x24c00000)
   the space 349568K, 100% used [0x0f6a0000, 0x24c00000, 0x24c00000, 0x24c00000)
 Metaspace       used 22303K, capacity 22881K, committed 23040K, reserved 23936K
Event: 6396.923 GC heap after
Heap after GC invocations=4693 (full 3947):
 def new generation   total 157248K, used 157246K [0x04c00000, 0x0f6a0000, 0x0f6a0000)
  eden space 139776K,  99% used [0x04c00000, 0x0d47ffe0, 0x0d480000)
  from space 17472K,  99% used [0x0d480000, 0x0e58fbd0, 0x0e590000)
  to   space 17472K,   0% used [0x0e590000, 0x0e590000, 0x0f6a0000)
 tenured generation   total 349568K, used 349568K [0x0f6a0000, 0x24c00000, 0x24c00000)
   the space 349568K, 100% used [0x0f6a0000, 0x24c00000, 0x24c00000, 0x24c00000)
 Metaspace       used 22303K, capacity 22881K, committed 23040K, reserved 23936K
}
Event: 6396.923 GC heap before
{Heap before GC invocations=4693 (full 3947):
 def new generation   total 157248K, used 157246K [0x04c00000, 0x0f6a0000, 0x0f6a0000)
  eden space 139776K,  99% used [0x04c00000, 0x0d47ffe0, 0x0d480000)
  from space 17472K,  99% used [0x0d480000, 0x0e58fbd0, 0x0e590000)
  to   space 17472K,   0% used [0x0e590000, 0x0e590000, 0x0f6a0000)
 tenured generation   total 349568K, used 349568K [0x0f6a0000, 0x24c00000, 0x24c00000)
   the space 349568K, 100% used [0x0f6a0000, 0x24c00000, 0x24c00000, 0x24c00000)
 Metaspace       used 22303K, capacity 22881K, committed 23040K, reserved 23936K
Event: 6397.377 GC heap after
Heap after GC invocations=4694 (full 3948):
 def new generation   total 157248K, used 157246K [0x04c00000, 0x0f6a0000, 0x0f6a0000)
  eden space 139776K,  99% used [0x04c00000, 0x0d47ffe0, 0x0d480000)
  from space 17472K,  99% used [0x0d480000, 0x0e58fbd0, 0x0e590000)
  to   space 17472K,   0% used [0x0e590000, 0x0e590000, 0x0f6a0000)
 tenured generation   total 349568K, used 349568K [0x0f6a0000, 0x24c00000, 0x24c00000)
   the space 349568K, 100% used [0x0f6a0000, 0x24c00000, 0x24c00000, 0x24c00000)
 Metaspace       used 22303K, capacity 22881K, committed 23040K, reserved 23936K
}

Deoptimization events (0 events):
No events

Classes redefined (0 events):
No events

Internal exceptions (10 events):
Event: 6393.303 Thread 0x27bcf400 Exception <a 'java/io/IOException'> (0x0e58fb20) thrown at [C:\workspace\8-2-build-windows-i586-cygwin\jdk8u191\11896\hotspot\src\share\vm\prims\jni.cpp, line 709]
Event: 6393.756 Thread 0x27bcf400 Exception <a 'java/io/IOException'> (0x0e58f998) thrown at [C:\workspace\8-2-build-windows-i586-cygwin\jdk8u191\11896\hotspot\src\share\vm\prims\jni.cpp, line 709]
Event: 6393.757 Thread 0x27bcf400 Exception <a 'java/io/IOException'> (0x0e58fb50) thrown at [C:\workspace\8-2-build-windows-i586-cygwin\jdk8u191\11896\hotspot\src\share\vm\prims\jni.cpp, line 709]
Event: 6394.212 Thread 0x27bcf400 Exception <a 'java/io/IOException'> (0x0e58fc70) thrown at [C:\workspace\8-2-build-windows-i586-cygwin\jdk8u191\11896\hotspot\src\share\vm\prims\jni.cpp, line 709]
Event: 6394.661 Thread 0x27bcf400 Exception <a 'java/io/IOException'> (0x0d47ff68) thrown at [C:\workspace\8-2-build-windows-i586-cygwin\jdk8u191\11896\hotspot\src\share\vm\prims\jni.cpp, line 709]
Event: 6394.661 Thread 0x27bcf400 Exception <a 'java/io/IOException'> (0x0e58fcd0) thrown at [C:\workspace\8-2-build-windows-i586-cygwin\jdk8u191\11896\hotspot\src\share\vm\prims\jni.cpp, line 709]
Event: 6395.567 Thread 0x27bcf400 Exception <a 'java/io/IOException'> (0x0e58fb98) thrown at [C:\workspace\8-2-build-windows-i586-cygwin\jdk8u191\11896\hotspot\src\share\vm\prims\jni.cpp, line 709]
Event: 6396.016 Thread 0x27bcf400 Exception <a 'java/io/IOException'> (0x0e58fc08) thrown at [C:\workspace\8-2-build-windows-i586-cygwin\jdk8u191\11896\hotspot\src\share\vm\prims\jni.cpp, line 709]
Event: 6396.016 Thread 0x27bcf400 Exception <a 'java/io/IOException'> (0x0e58fdf0) thrown at [C:\workspace\8-2-build-windows-i586-cygwin\jdk8u191\11896\hotspot\src\share\vm\prims\jni.cpp, line 709]
Event: 6397.377 Thread 0x2979cc00 Exception <a 'java/lang/OutOfMemoryError'> (0x0f731550) thrown at [C:\workspace\8-2-build-windows-i586-cygwin\jdk8u191\11896\hotspot\src\share\vm\gc_interface/collectedHeap.inline.hpp, line 159]

Events (10 events):
Event: 6394.661 Executing VM operation: GenCollectForAllocation
Event: 6395.110 Executing VM operation: GenCollectForAllocation done
Event: 6395.111 Executing VM operation: GenCollectForAllocation
Event: 6395.567 Executing VM operation: GenCollectForAllocation done
Event: 6395.567 Executing VM operation: GenCollectForAllocation
Event: 6396.016 Executing VM operation: GenCollectForAllocation done
Event: 6396.016 Executing VM operation: GenCollectForAllocation
Event: 6396.468 Executing VM operation: GenCollectForAllocation done
Event: 6396.468 Executing VM operation: GenCollectForAllocation
Event: 6397.377 Executing VM operation: GenCollectForAllocation done


Dynamic libraries:
0x00670000 - 0x006a3000 	C:\arduino-1.8.19\java\bin\javaw.exe
0x76f20000 - 0x770dc000 	C:\WINDOWS\SYSTEM32\ntdll.dll
0x76050000 - 0x76140000 	C:\WINDOWS\System32\KERNEL32.DLL
0x74970000 - 0x7498a000 	C:\Program Files\AVG\Antivirus\x86\aswhook.dll
0x76b30000 - 0x76df8000 	C:\WINDOWS\System32\KERNELBASE.dll
0x75540000 - 0x755bf000 	C:\WINDOWS\System32\ADVAPI32.dll
0x74be0000 - 0x74ca7000 	C:\WINDOWS\System32\msvcrt.dll
0x75870000 - 0x758f3000 	C:\WINDOWS\System32\sechost.dll
0x765b0000 - 0x7666c000 	C:\WINDOWS\System32\RPCRT4.dll
0x75640000 - 0x7580c000 	C:\WINDOWS\System32\USER32.dll
0x75520000 - 0x7553a000 	C:\WINDOWS\System32\win32u.dll
0x768d0000 - 0x768f3000 	C:\WINDOWS\System32\GDI32.dll
0x76430000 - 0x76521000 	C:\WINDOWS\System32\gdi32full.dll
0x76730000 - 0x767b5000 	C:\WINDOWS\System32\msvcp_win.dll
0x76900000 - 0x76a10000 	C:\WINDOWS\System32\ucrtbase.dll
0x73670000 - 0x7389f000 	C:\WINDOWS\WinSxS\x86_microsoft.windows.common-controls_6595b64144ccf1df_6.0.26100.4484_none_85bba423f7ab1cb9\COMCTL32.dll
0x762b0000 - 0x762d5000 	C:\WINDOWS\System32\IMM32.DLL
0x735b0000 - 0x7366f000 	C:\arduino-1.8.19\java\bin\msvcr100.dll
0x731d0000 - 0x735a3000 	C:\arduino-1.8.19\java\bin\client\jvm.dll
0x76670000 - 0x76676000 	C:\WINDOWS\System32\PSAPI.DLL
0x73f60000 - 0x73f68000 	C:\WINDOWS\SYSTEM32\VERSION.dll
0x73fb0000 - 0x73fb8000 	C:\WINDOWS\SYSTEM32\WSOCK32.dll
0x73f70000 - 0x73fa3000 	C:\WINDOWS\SYSTEM32\WINMM.dll
0x755d0000 - 0x75630000 	C:\WINDOWS\System32\WS2_32.dll
0x731a0000 - 0x731d0000 	C:\arduino-1.8.19\java\bin\splashscreen.dll
0x73110000 - 0x73193000 	C:\WINDOWS\system32\uxtheme.dll
0x74cb0000 - 0x74f39000 	C:\WINDOWS\System32\combase.dll
0x73100000 - 0x7310c000 	C:\arduino-1.8.19\java\bin\verify.dll
0x730d0000 - 0x730f2000 	C:\arduino-1.8.19\java\bin\java.dll
0x75f30000 - 0x7604b000 	C:\WINDOWS\System32\MSCTF.dll
0x730b0000 - 0x730c4000 	C:\arduino-1.8.19\java\bin\zip.dll
0x741c0000 - 0x741d5000 	C:\WINDOWS\SYSTEM32\kernel.appcore.dll
0x754a0000 - 0x75509000 	C:\WINDOWS\System32\bcryptPrimitives.dll
0x76680000 - 0x76724000 	C:\WINDOWS\System32\OLEAUT32.dll
0x72fa0000 - 0x730a9000 	C:\WINDOWS\SYSTEM32\textinputframework.dll
0x72e20000 - 0x72efb000 	C:\WINDOWS\SYSTEM32\CoreMessaging.dll
0x72b80000 - 0x72e12000 	C:\WINDOWS\SYSTEM32\CoreUIComponents.dll
0x767c0000 - 0x768c2000 	C:\WINDOWS\System32\wintypes.dll
0x75900000 - 0x75f23000 	C:\WINDOWS\System32\SHELL32.dll
0x72a00000 - 0x72a0b000 	C:\WINDOWS\SYSTEM32\CRYPTBASE.DLL
0x741e0000 - 0x748b8000 	C:\WINDOWS\SYSTEM32\windows.storage.dll
0x762e0000 - 0x763af000 	C:\WINDOWS\System32\SHCORE.dll
0x75810000 - 0x75864000 	C:\WINDOWS\System32\shlwapi.dll
0x74010000 - 0x74032000 	C:\WINDOWS\SYSTEM32\profapi.dll
0x72890000 - 0x728f2000 	C:\WINDOWS\system32\Oleacc.dll
0x61940000 - 0x619b3000 	C:\arduino-1.8.19\lib\listSerialsj.dll
0x74fb0000 - 0x753ff000 	C:\WINDOWS\System32\SETUPAPI.dll
0x73fc0000 - 0x74003000 	C:\WINDOWS\SYSTEM32\cfgmgr32.DLL
0x72f80000 - 0x72f9d000 	C:\arduino-1.8.19\lib\jnidispatch-4.2.2-win32-x86.dll
0x76150000 - 0x762a8000 	C:\WINDOWS\System32\Ole32.dll
0x72f60000 - 0x72f75000 	C:\arduino-1.8.19\java\bin\net.dll
0x72f00000 - 0x72f53000 	C:\WINDOWS\system32\mswsock.dll
0x72b70000 - 0x72b7f000 	C:\arduino-1.8.19\java\bin\nio.dll
0x726f0000 - 0x72837000 	C:\arduino-1.8.19\java\bin\awt.dll
0x748c0000 - 0x7496d000 	C:\WINDOWS\SYSTEM32\apphelp.dll
0x72b40000 - 0x72b6b000 	C:\WINDOWS\system32\DWMAPI.DLL
0x72850000 - 0x72889000 	C:\arduino-1.8.19\java\bin\fontmanager.dll
0x72600000 - 0x726ed000 	C:\WINDOWS\system32\opengl32.dll
0x725b0000 - 0x725f2000 	C:\WINDOWS\SYSTEM32\GLU32.dll
0x72560000 - 0x7259e000 	C:\WINDOWS\SYSTEM32\dxcore.dll
0x72520000 - 0x72552000 	C:\arduino-1.8.19\java\bin\t2k.dll
0x72a50000 - 0x72a74000 	C:\WINDOWS\SYSTEM32\DEVOBJ.dll
0x74f40000 - 0x74fa9000 	C:\WINDOWS\System32\WINTRUST.dll
0x76e00000 - 0x76f07000 	C:\WINDOWS\System32\CRYPT32.dll
0x72b10000 - 0x72b1e000 	C:\WINDOWS\SYSTEM32\MSASN1.dll
0x72ae0000 - 0x72b07000 	C:\WINDOWS\SYSTEM32\IPHLPAPI.DLL
0x74bd0000 - 0x74bd7000 	C:\WINDOWS\System32\NSI.dll
0x72a10000 - 0x72a28000 	C:\WINDOWS\SYSTEM32\dhcpcsvc6.DLL
0x729e0000 - 0x729fd000 	C:\WINDOWS\SYSTEM32\dhcpcsvc.DLL
0x72900000 - 0x729dc000 	C:\WINDOWS\SYSTEM32\DNSAPI.dll
0x72ac0000 - 0x72ad4000 	C:\WINDOWS\SYSTEM32\CRYPTSP.dll
0x72a80000 - 0x72ab3000 	C:\WINDOWS\system32\rsaenh.dll
0x724f0000 - 0x7250f000 	C:\WINDOWS\SYSTEM32\USERENV.dll
0x72a30000 - 0x72a4a000 	C:\WINDOWS\SYSTEM32\bcrypt.dll
0x724d0000 - 0x724e2000 	C:\WINDOWS\system32\napinsp.dll
0x724b0000 - 0x724be000 	C:\WINDOWS\System32\winrnr.dll
0x72480000 - 0x724a4000 	C:\WINDOWS\system32\nlansp_c.dll
0x72460000 - 0x72479000 	C:\WINDOWS\system32\wshbth.dll
0x72440000 - 0x72460000 	C:\arduino-1.8.19\java\bin\sunec.dll
0x72840000 - 0x72848000 	C:\Windows\System32\rasadhlp.dll
0x72b30000 - 0x72b39000 	C:\arduino-1.8.19\java\bin\sunmscapi.dll
0x723d0000 - 0x72432000 	C:\WINDOWS\System32\fwpuclnt.dll
0x72360000 - 0x723c9000 	C:\arduino-1.8.19\msvcp100.dll
0x722a0000 - 0x7235e000 	C:\arduino-1.8.19\msvcr100.dll
0x28d90000 - 0x28dc2000 	C:\arduino-1.8.19\lib\AStylej.dll
0x72270000 - 0x72294000 	C:\arduino-1.8.19\java\bin\dcpr.dll
0x75410000 - 0x75491000 	C:\WINDOWS\System32\clbcatq.dll
0x72080000 - 0x72269000 	C:\WINDOWS\SYSTEM32\WindowsCodecs.dll
0x72030000 - 0x7207c000 	C:\WINDOWS\system32\dataexchange.dll
0x713b0000 - 0x71589000 	C:\WINDOWS\system32\twinapi.appcore.dll
0x64000000 - 0x6401b000 	C:\arduino-1.8.19\lib\jSSC-2.8_x86.dll
0x711c0000 - 0x713a0000 	C:\WINDOWS\SYSTEM32\dbghelp.dll

VM Arguments:
jvm_args: -Dsun.java2d.d3d=false -Djna.nosys=true -Djna.nounpack=true -Djna.boot.library.name=jnidispatch-4.2.2-win32-x86 -Djna.boot.library.path=C:\arduino-1.8.19/lib -Djssc.library.path=C:\arduino-1.8.19/lib -DAPP_DIR=C:\arduino-1.8.19 -Xms128M -Xmx512M -Dfile.encoding=UTF8 -Djava.net.preferIPv4Stack=true 
java_command: processing.app.Base C:\Users\bkast\Documents\GitHub\RTK-with-LC29H\NTRIP_DUOCaster_ESP_NOW_V038\NTRIP_DUOCaster_ESP_NOW_V038.ino
java_class_path (initial): C:\arduino-1.8.19\lib\apple.jar;C:\arduino-1.8.19\lib\arduino-core.jar;C:\arduino-1.8.19\lib\batik-1.8.jar;C:\arduino-1.8.19\lib\batik-anim-1.8.jar;C:\arduino-1.8.19\lib\batik-awt-util-1.8.jar;C:\arduino-1.8.19\lib\batik-bridge-1.8.jar;C:\arduino-1.8.19\lib\batik-codec-1.8.jar;C:\arduino-1.8.19\lib\batik-css-1.8.jar;C:\arduino-1.8.19\lib\batik-dom-1.8.jar;C:\arduino-1.8.19\lib\batik-ext-1.8.jar;C:\arduino-1.8.19\lib\batik-gvt-1.8.jar;C:\arduino-1.8.19\lib\batik-parser-1.8.jar;C:\arduino-1.8.19\lib\batik-rasterizer-1.8.jar;C:\arduino-1.8.19\lib\batik-script-1.8.jar;C:\arduino-1.8.19\lib\batik-squiggle-1.8.jar;C:\arduino-1.8.19\lib\batik-svg-dom-1.8.jar;C:\arduino-1.8.19\lib\batik-svgpp-1.8.jar;C:\arduino-1.8.19\lib\batik-transcoder-1.8.jar;C:\arduino-1.8.19\lib\batik-util-1.8.jar;C:\arduino-1.8.19\lib\batik-xml-1.8.jar;C:\arduino-1.8.19\lib\bcpg-jdk15on-152.jar;C:\arduino-1.8.19\lib\bcprov-jdk15on-152.jar;C:\arduino-1.8.19\lib\commons-codec-1.7.jar;C:\arduino-1.8.19\lib\commons-compress-1.8.jar;C:\arduino-1.8.19\lib\commons-exec-1.1.jar;C:\arduino-1.8.19\lib\commons-httpclient-3.1.jar;C:\arduino-1.8.19\lib\commons-lang3-3.8.1.jar;C:\arduino-1.8.19\lib\commons-logging-1.0.4.jar;C:\arduino-1.8.19\lib\commons-net-3.3.jar;C:\arduino-1.8.19\lib\commons-io-2.6.jar;C:\arduino-1.8.19\lib\jackson-annotations-2.9.5.jar;C:\arduino-1.8.19\lib\jackson-core-2.9.5.jar;C:\arduino-1.8.19\lib\jackson-databind-2.9.5.jar;C:\arduino-1.8.19\lib\java-semver-0.8.0.jar;C:\arduino-1.8.19\lib\jmdns-3.5.5.jar;C:\arduino-1.8.19\lib\jtouchbar-1.0.0.jar;C:\arduino-1.8.19\lib\slf4j-simple-1.7.22.jar;C:\arduino-1.8.19\lib\slf4j-api-1.7.22.jar;C:\arduino-1.8.19\lib\jna-4.2.2.jar;C:\arduino-1.8.19\lib\jna-platform-4.2.2.jar;C:\arduino-1.8.19\lib\jsch-0.1.50.jar;C:\arduino-1.8.19\lib\jssc-2.8.0-arduino4.jar;C:\arduino-1.8.19\lib\pde.jar;C:\arduino-1.8.19\lib\rsyntaxtextarea-3.0.3-SNAPSHOT.jar;C:\arduino-1.8.19\lib\xml-apis-1.3.04.jar;C:\arduino-1.8.19\lib\xml-apis-ext-1.3.0
Launcher Type: SUN_STANDARD

Environment Variables:
PATH=C:\WINDOWS\system32;C:\WINDOWS;C:\WINDOWS\System32\Wbem;C:\WINDOWS\System32\WindowsPowerShell\v1.0\;C:\WINDOWS\System32\OpenSSH\;C:\Program Files\PuTTY\;C:\Users\bkast\AppData\Local\Microsoft\WindowsApps;C:\Users\bkast\AppData\Local\GitHubDesktop\bin;C:\Users\bkast\AppData\Local\Programs\Microsoft VS Code\bin;C:\Program Files (x86)\Nmap;;C:\arduino-1.8.19\java\bin
USERNAME=bkast
OS=Windows_NT
PROCESSOR_IDENTIFIER=Intel64 Family 6 Model 154 Stepping 4, GenuineIntel



---------------  S Y S T E M  ---------------

OS: Windows 10.0 , 64 bit Build 26100 (10.0.26100.4652)

CPU:total 12 (initial active 12) (6 cores per cpu, 2 threads per core) family 6 model 154 stepping 4, cmov, cx8, fxsr, mmx, sse, sse2, sse3, ssse3, sse4.1, sse4.2, popcnt, avx, avx2, aes, clmul, erms, 3dnowpref, lzcnt, ht, tsc, tscinvbit, bmi1, bmi2, adx

Memory: 4k page, physical 16463788k(7828944k free), swap 23803820k(12688312k free)

vm_info: Java HotSpot(TM) Client VM (25.191-b12) for windows-x86 JRE (1.8.0_191-b12), built on Oct  6 2018 08:34:23 by "java_re" with MS VC++ 10.0 (VS2010)

time: Wed Jul 09 19:02:44 2025
elapsed time: 6397 seconds (0d 1h 46m 37s)

